\BOOKMARK [1][-]{Predgovor.1}{Predgovor}{}% 1
\BOOKMARK [-1][-]{part.1}{Vaje}{}% 2
\BOOKMARK [0][-]{chapter.1}{Lambda racun}{part.1}% 3
\BOOKMARK [0][-]{chapter.2}{Elementi funkcijskih jezikov}{part.1}% 4
\BOOKMARK [1][-]{section.2.1}{Matematicne funkcije}{chapter.2}% 5
\BOOKMARK [1][-]{section.2.2}{Seznami}{chapter.2}% 6
\BOOKMARK [1][-]{section.2.3}{Polimorfizem}{chapter.2}% 7
\BOOKMARK [1][-]{section.2.4}{Funkcije vi\235jega reda}{chapter.2}% 8
\BOOKMARK [1][-]{section.2.5}{Implementacija funkcij}{chapter.2}% 9
\BOOKMARK [1][-]{section.2.6}{Rekurzivne podatkovne strukture}{chapter.2}% 10
\BOOKMARK [1][-]{section.2.7}{Parametrizirani tipi}{chapter.2}% 11
\BOOKMARK [1][-]{section.2.8}{Unije}{chapter.2}% 12
\BOOKMARK [0][-]{chapter.3}{Elementi imperativnih jezikov}{part.1}% 13
\BOOKMARK [1][-]{section.3.1}{Nizi}{chapter.3}% 14
\BOOKMARK [1][-]{section.3.2}{Polja in matrike}{chapter.3}% 15
\BOOKMARK [1][-]{section.3.3}{Zapisi}{chapter.3}% 16
\BOOKMARK [1][-]{section.3.4}{Klasicne podatkovne strukture}{chapter.3}% 17
\BOOKMARK [0][-]{chapter.4}{Delo z razredi}{part.1}% 18
\BOOKMARK [1][-]{section.4.1}{Definicija razredov}{chapter.4}% 19
\BOOKMARK [1][-]{section.4.2}{Hierarhije razredov}{chapter.4}% 20
\BOOKMARK [1][-]{section.4.3}{Abstraktni razredi}{chapter.4}% 21
\BOOKMARK [1][-]{section.4.4}{Parametricni razredi}{chapter.4}% 22
\BOOKMARK [0][-]{chapter.5}{Delo z moduli}{part.1}% 23
\BOOKMARK [1][-]{section.5.1}{Definicija modula}{chapter.5}% 24
\BOOKMARK [1][-]{section.5.2}{Funkcionali}{chapter.5}% 25
\BOOKMARK [0][-]{chapter.6}{Nekategorizirano}{part.1}% 26
\BOOKMARK [-1][-]{part.2}{Dodatek}{}% 27
\BOOKMARK [0][-]{chapter.7}{Re\235itve}{part.2}% 28
